<?xml version="1.0" encoding="UTF-8"?>
<!-- Generated by org.testng.reporters.JUnitXMLReporter -->
<testsuite ignored="0" hostname="Melanies-MacBook-Pro.local" failures="3" tests="3" name="1. Login as Instructor" time="5.578" errors="0" timestamp="2020-10-12T04:21:18 PST">
  <testcase classname="io.cucumber.testng.AbstractTestNGCucumberTests" name="runScenario" time="5.349">
    <failure type="java.lang.NullPointerException">
      <![CDATA[java.lang.NullPointerException
at pages.BasePage.navigateToBaseUrl(BasePage.java:34)
at steps.BaseSteps.userIsOnTheBasePage(BaseSteps.java:21)
at ✽.a user is on the base page(file:src/test/java/features/Login/LoginStudent.feature:5)
]]>
    </failure>
  </testcase> <!-- runScenario -->
  <testcase classname="io.cucumber.testng.AbstractTestNGCucumberTests" name="runScenario" time="0.0">
    <failure type="java.lang.NullPointerException">
      <![CDATA[java.lang.NullPointerException
at pages.BasePage.navigateToBaseUrl(BasePage.java:34)
at steps.BaseSteps.userIsOnTheBasePage(BaseSteps.java:21)
at ✽.a user is on the base page(file:src/test/java/features/Login/LoginStudent.feature:10)
]]>
    </failure>
  </testcase> <!-- runScenario -->
  <testcase classname="io.cucumber.testng.AbstractTestNGCucumberTests" name="runScenario" time="0.0">
    <failure type="java.lang.NullPointerException">
      <![CDATA[java.lang.NullPointerException
at pages.BasePage.navigateToBaseUrl(BasePage.java:34)
at steps.BaseSteps.userIsOnTheBasePage(BaseSteps.java:21)
at ✽.a user is on the base page(file:src/test/java/features/Login/LoginStudent.feature:22)
]]>
    </failure>
  </testcase> <!-- runScenario -->
</testsuite> <!-- 1. Login as Instructor -->
